<?xml version="1.0" encoding="UTF-8"?>
<!-- Generated by org.testng.reporters.JUnitReportReporter -->
<testsuite hostname="LAPTOP-L4IJSUIS" failures="0" tests="1" name="com.internal.TestSuites.redBusTest" time="15.082" errors="0" timestamp="2024-03-12T22:34:55 IST" skipped="0">
  <testcase classname="com.internal.TestSuites.redBusTest" name="test" time="15.082"/>
  <system-out/>
</testsuite> <!-- com.internal.TestSuites.redBusTest -->
