<?xml version="1.0" encoding="UTF-8"?>
<!-- Generated by org.testng.reporters.JUnitReportReporter -->
<testsuite hostname="LAPTOP-L4IJSUIS" failures="0" tests="1" name="com.internal.TestSuites.redBusTest" time="17.358" errors="0" timestamp="2024-03-10T21:11:35 IST" skipped="0">
  <testcase classname="com.internal.TestSuites.redBusTest" name="test" time="17.358"/>
  <system-out/>
</testsuite> <!-- com.internal.TestSuites.redBusTest -->
